Streaming transaction logs mentioning 5PrgSWQ8fh9BaaYVp6Lib2Qhh1FDyt3i9egynn1K6b7e. Confirmed commitment
Transaction executed in slot 42454:
  Signature: 4pDi8KkqE1ZCtM4PzkbHntgXyJjqxogDZi8EjKWDrnFMJyLbSMqFSbkZTZ9jYZMy9PNP7rPBawgk1EZA3mwBCCQk
  Status: Ok
  Log Messages:
    Program 5PrgSWQ8fh9BaaYVp6Lib2Qhh1FDyt3i9egynn1K6b7e invoke [1]
    Program log: Instruction: Create
    Program 11111111111111111111111111111111 invoke [2]
    Program 11111111111111111111111111111111 success
    Program 5PrgSWQ8fh9BaaYVp6Lib2Qhh1FDyt3i9egynn1K6b7e consumed 5912 of 200000 compute units
    Program 5PrgSWQ8fh9BaaYVp6Lib2Qhh1FDyt3i9egynn1K6b7e success
Transaction executed in slot 42455:
  Signature: 4nTg5ebE7BbK8wPq5KcqMW4aSqBUyn45yrGFP9nPhGduyA1k1xmmZaVFJjzFSp6yVGiduV4NacrCtys6SgomrXo4
  Status: Ok
  Log Messages:
    Program 5PrgSWQ8fh9BaaYVp6Lib2Qhh1FDyt3i9egynn1K6b7e invoke [1]
    Program log: Instruction: Add
    Program 5PrgSWQ8fh9BaaYVp6Lib2Qhh1FDyt3i9egynn1K6b7e consumed 1690 of 200000 compute units
    Program 5PrgSWQ8fh9BaaYVp6Lib2Qhh1FDyt3i9egynn1K6b7e success
Transaction executed in slot 42456:
  Signature: 32q1CGbxg77xVdy8qbe3Eg5CwsPTWA6PK23aBVbDeRwjF2zWerU2V5FGW4wQapmJbBrBzEFqTsNHwF9Fe18WcCnd
  Status: Ok
  Log Messages:
    Program 5PrgSWQ8fh9BaaYVp6Lib2Qhh1FDyt3i9egynn1K6b7e invoke [1]
    Program log: Instruction: Subtract
    Program 5PrgSWQ8fh9BaaYVp6Lib2Qhh1FDyt3i9egynn1K6b7e consumed 1688 of 200000 compute units
    Program 5PrgSWQ8fh9BaaYVp6Lib2Qhh1FDyt3i9egynn1K6b7e success
Transaction executed in slot 42457:
  Signature: 5nkVt6xMysNtm5VgVcif6mmgMyNEy7G52TLtsnwWbbupRmYC9rjuaGF1XGxizQqSw74pXqVbSEvcMB7ixLD1eudG
  Status: Ok
  Log Messages:
    Program 5PrgSWQ8fh9BaaYVp6Lib2Qhh1FDyt3i9egynn1K6b7e invoke [1]
    Program log: Instruction: Multiply
    Program 5PrgSWQ8fh9BaaYVp6Lib2Qhh1FDyt3i9egynn1K6b7e consumed 1743 of 200000 compute units
    Program 5PrgSWQ8fh9BaaYVp6Lib2Qhh1FDyt3i9egynn1K6b7e success
Transaction executed in slot 42458:
  Signature: 5QcEXCxuz2AxHTPST64SzjUVb4KCWuFq2WhMbL4vGyScFsPVn1VWZ6KnU6n4JRUetGpasDPdofNHASJmeCHeDWVk
  Status: Ok
  Log Messages:
    Program 5PrgSWQ8fh9BaaYVp6Lib2Qhh1FDyt3i9egynn1K6b7e invoke [1]
    Program log: Instruction: Divide
    Program 5PrgSWQ8fh9BaaYVp6Lib2Qhh1FDyt3i9egynn1K6b7e consumed 1838 of 200000 compute units
    Program 5PrgSWQ8fh9BaaYVp6Lib2Qhh1FDyt3i9egynn1K6b7e success
